2023-08-13 20:21:40,162 - root - INFO - Starting yc_links_extractor.py
2023-08-13 20:21:40,162 - root - INFO - Using firefox driver.
2023-08-13 20:21:40,162 - root - INFO - Attempting to scrape links from https://www.ycombinator.com/companies.
2023-08-13 20:21:40,162 - root - INFO - Navigating to https://www.ycombinator.com/companies...
2023-08-13 20:21:41,117 - root - INFO - Waiting for page to load...
2023-08-13 20:21:41,122 - root - INFO - Finding 'select_all_options' for 'Batch'...
2023-08-13 20:21:41,262 - root - INFO - Clicking 'select_all_options' for 'Batch'...
2023-08-13 20:21:41,498 - root - INFO - Compiling batches...
2023-08-13 20:21:42,125 - root - INFO - Found 39 batches.
2023-08-13 20:21:42,142 - root - INFO - Checking batch: W241
2023-08-13 20:21:42,401 - root - INFO - Scrolling to bottom of page...
2023-08-13 20:21:45,419 - root - INFO - Fetching links and appending to ulist
2023-08-13 20:21:45,430 - root - INFO - Unchecking batch: {b.text}
2023-08-13 20:21:45,720 - root - INFO - Checking batch: S23209
2023-08-13 20:21:45,975 - root - INFO - Scrolling to bottom of page...
2023-08-13 20:22:17,517 - root - INFO - Fetching links and appending to ulist
2023-08-13 20:22:19,193 - root - INFO - Unchecking batch: {b.text}
2023-08-13 20:22:19,582 - root - INFO - Checking batch: W23271
2023-08-13 20:22:19,832 - root - INFO - Scrolling to bottom of page...
2023-08-13 20:23:00,108 - root - INFO - Fetching links and appending to ulist
2023-08-13 20:23:02,089 - root - INFO - Unchecking batch: {b.text}
2023-08-13 20:23:02,475 - root - INFO - Checking batch: S22234
2023-08-13 20:23:02,725 - root - INFO - Scrolling to bottom of page...
2023-08-13 20:23:36,640 - root - INFO - Fetching links and appending to ulist
2023-08-13 20:23:38,363 - root - INFO - Unchecking batch: {b.text}
2023-08-13 20:23:38,743 - root - INFO - Checking batch: W22401
2023-08-13 20:23:38,987 - root - INFO - Scrolling to bottom of page...
2023-08-13 20:24:41,239 - root - INFO - Fetching links and appending to ulist
2023-08-13 20:24:44,164 - root - INFO - Unchecking batch: {b.text}
2023-08-13 20:24:44,591 - root - INFO - Checking batch: S21393
2023-08-13 20:24:44,836 - root - INFO - Scrolling to bottom of page...
2023-08-13 20:25:43,964 - root - INFO - Fetching links and appending to ulist
2023-08-13 20:25:46,816 - root - INFO - Unchecking batch: {b.text}
2023-08-13 20:25:47,230 - root - INFO - Checking batch: W21336
2023-08-13 20:25:47,474 - root - INFO - Scrolling to bottom of page...
2023-08-13 20:26:37,070 - root - INFO - Fetching links and appending to ulist
2023-08-13 20:26:39,501 - root - INFO - Unchecking batch: {b.text}
2023-08-13 20:26:39,918 - root - INFO - Checking batch: S20207
2023-08-13 20:26:40,161 - root - INFO - Scrolling to bottom of page...
2023-08-13 20:27:10,973 - root - INFO - Fetching links and appending to ulist
2023-08-13 20:27:12,482 - root - INFO - Unchecking batch: {b.text}
2023-08-13 20:27:12,851 - root - INFO - Checking batch: W20227
2023-08-13 20:27:13,094 - root - INFO - Scrolling to bottom of page...
2023-08-13 20:27:46,976 - root - INFO - Fetching links and appending to ulist
2023-08-13 20:27:48,626 - root - INFO - Unchecking batch: {b.text}
2023-08-13 20:27:49,012 - root - INFO - Checking batch: S19175
2023-08-13 20:27:49,256 - root - INFO - Scrolling to bottom of page...
2023-08-13 20:28:13,813 - root - INFO - Fetching links and appending to ulist
2023-08-13 20:28:15,077 - root - INFO - Unchecking batch: {b.text}
2023-08-13 20:28:15,467 - root - INFO - Checking batch: W19197
2023-08-13 20:28:15,737 - root - INFO - Scrolling to bottom of page...
2023-08-13 20:28:43,381 - root - INFO - Fetching links and appending to ulist
2023-08-13 20:28:44,804 - root - INFO - Unchecking batch: {b.text}
2023-08-13 20:28:45,212 - root - INFO - Checking batch: S18132
2023-08-13 20:28:45,464 - root - INFO - Scrolling to bottom of page...
2023-08-13 20:29:03,812 - root - INFO - Fetching links and appending to ulist
2023-08-13 20:29:04,741 - root - INFO - Unchecking batch: {b.text}
2023-08-13 20:29:05,102 - root - INFO - Checking batch: W18147
2023-08-13 20:29:05,390 - root - INFO - Scrolling to bottom of page...
2023-08-13 20:29:26,857 - root - INFO - Fetching links and appending to ulist
2023-08-13 20:29:27,897 - root - INFO - Unchecking batch: {b.text}
2023-08-13 20:29:28,283 - root - INFO - Checking batch: S17125
2023-08-13 20:29:28,548 - root - INFO - Scrolling to bottom of page...
2023-08-13 20:29:46,876 - root - INFO - Fetching links and appending to ulist
2023-08-13 20:29:47,725 - root - INFO - Unchecking batch: {b.text}
2023-08-13 20:29:48,084 - root - INFO - Checking batch: W17116
2023-08-13 20:29:48,351 - root - INFO - Scrolling to bottom of page...
2023-08-13 20:30:03,627 - root - INFO - Fetching links and appending to ulist
2023-08-13 20:30:04,437 - root - INFO - Unchecking batch: {b.text}
2023-08-13 20:30:04,813 - root - INFO - Checking batch: IK1278
2023-08-13 20:30:05,064 - root - INFO - Scrolling to bottom of page...
2023-08-13 20:30:14,145 - root - INFO - Fetching links and appending to ulist
2023-08-13 20:30:14,691 - root - INFO - Unchecking batch: {b.text}
2023-08-13 20:30:15,033 - root - INFO - Checking batch: S16102
2023-08-13 20:30:15,279 - root - INFO - Scrolling to bottom of page...
2023-08-13 20:30:30,480 - root - INFO - Fetching links and appending to ulist
2023-08-13 20:30:31,230 - root - INFO - Unchecking batch: {b.text}
2023-08-13 20:30:31,583 - root - INFO - Checking batch: W16123
2023-08-13 20:30:31,840 - root - INFO - Scrolling to bottom of page...
2023-08-13 20:30:50,134 - root - INFO - Fetching links and appending to ulist
2023-08-13 20:30:51,001 - root - INFO - Unchecking batch: {b.text}
2023-08-13 20:30:51,372 - root - INFO - Checking batch: S15105
2023-08-13 20:30:51,619 - root - INFO - Scrolling to bottom of page...
2023-08-13 20:31:06,844 - root - INFO - Fetching links and appending to ulist
2023-08-13 20:31:07,620 - root - INFO - Unchecking batch: {b.text}
2023-08-13 20:31:07,972 - root - INFO - Checking batch: W15110
2023-08-13 20:31:08,233 - root - INFO - Scrolling to bottom of page...
2023-08-13 20:31:23,490 - root - INFO - Fetching links and appending to ulist
2023-08-13 20:31:24,332 - root - INFO - Unchecking batch: {b.text}
2023-08-13 20:31:24,697 - root - INFO - Checking batch: S1479
2023-08-13 20:31:24,954 - root - INFO - Scrolling to bottom of page...
2023-08-13 20:31:34,053 - root - INFO - Fetching links and appending to ulist
2023-08-13 20:31:34,640 - root - INFO - Unchecking batch: {b.text}
2023-08-13 20:31:34,982 - root - INFO - Checking batch: W1474
2023-08-13 20:31:35,249 - root - INFO - Scrolling to bottom of page...
2023-08-13 20:31:44,346 - root - INFO - Fetching links and appending to ulist
2023-08-13 20:31:44,927 - root - INFO - Unchecking batch: {b.text}
2023-08-13 20:31:45,283 - root - INFO - Checking batch: S1352
2023-08-13 20:31:45,543 - root - INFO - Scrolling to bottom of page...
2023-08-13 20:31:51,582 - root - INFO - Fetching links and appending to ulist
2023-08-13 20:31:52,003 - root - INFO - Unchecking batch: {b.text}
2023-08-13 20:31:52,353 - root - INFO - Checking batch: W1346
2023-08-13 20:31:52,639 - root - INFO - Scrolling to bottom of page...
2023-08-13 20:31:58,669 - root - INFO - Fetching links and appending to ulist
2023-08-13 20:31:59,028 - root - INFO - Unchecking batch: {b.text}
2023-08-13 20:31:59,360 - root - INFO - Checking batch: S1281
2023-08-13 20:31:59,640 - root - INFO - Scrolling to bottom of page...
2023-08-13 20:32:11,782 - root - INFO - Fetching links and appending to ulist
2023-08-13 20:32:12,416 - root - INFO - Unchecking batch: {b.text}
2023-08-13 20:32:12,765 - root - INFO - Checking batch: W1266
2023-08-13 20:32:13,030 - root - INFO - Scrolling to bottom of page...
2023-08-13 20:32:22,125 - root - INFO - Fetching links and appending to ulist
2023-08-13 20:32:22,643 - root - INFO - Unchecking batch: {b.text}
2023-08-13 20:32:23,002 - root - INFO - Checking batch: S1160
2023-08-13 20:32:23,293 - root - INFO - Scrolling to bottom of page...
2023-08-13 20:32:29,334 - root - INFO - Fetching links and appending to ulist
2023-08-13 20:32:29,792 - root - INFO - Unchecking batch: {b.text}
2023-08-13 20:32:30,132 - root - INFO - Checking batch: W1145
2023-08-13 20:32:30,412 - root - INFO - Scrolling to bottom of page...
2023-08-13 20:32:36,448 - root - INFO - Fetching links and appending to ulist
2023-08-13 20:32:36,797 - root - INFO - Unchecking batch: {b.text}
2023-08-13 20:32:37,155 - root - INFO - Checking batch: S1036
2023-08-13 20:32:37,424 - root - INFO - Scrolling to bottom of page...
2023-08-13 20:32:40,438 - root - INFO - Fetching links and appending to ulist
2023-08-13 20:32:40,745 - root - INFO - Unchecking batch: {b.text}
2023-08-13 20:32:41,081 - root - INFO - Checking batch: W1026
2023-08-13 20:32:41,352 - root - INFO - Scrolling to bottom of page...
2023-08-13 20:32:44,372 - root - INFO - Fetching links and appending to ulist
2023-08-13 20:32:44,585 - root - INFO - Unchecking batch: {b.text}
2023-08-13 20:32:44,892 - root - INFO - Checking batch: S0926
2023-08-13 20:32:45,179 - root - INFO - Scrolling to bottom of page...
2023-08-13 20:32:48,195 - root - INFO - Fetching links and appending to ulist
2023-08-13 20:32:48,390 - root - INFO - Unchecking batch: {b.text}
2023-08-13 20:32:48,699 - root - INFO - Checking batch: W0916
2023-08-13 20:32:48,966 - root - INFO - Scrolling to bottom of page...
2023-08-13 20:32:51,985 - root - INFO - Fetching links and appending to ulist
2023-08-13 20:32:52,104 - root - INFO - Unchecking batch: {b.text}
2023-08-13 20:32:52,420 - root - INFO - Checking batch: S0822
2023-08-13 20:32:52,676 - root - INFO - Scrolling to bottom of page...
2023-08-13 20:32:55,698 - root - INFO - Fetching links and appending to ulist
2023-08-13 20:32:55,859 - root - INFO - Unchecking batch: {b.text}
2023-08-13 20:32:56,200 - root - INFO - Checking batch: W0821
2023-08-13 20:32:56,479 - root - INFO - Scrolling to bottom of page...
2023-08-13 20:32:59,500 - root - INFO - Fetching links and appending to ulist
2023-08-13 20:32:59,660 - root - INFO - Unchecking batch: {b.text}
2023-08-13 20:32:59,966 - root - INFO - Checking batch: S0719
2023-08-13 20:33:00,245 - root - INFO - Scrolling to bottom of page...
2023-08-13 20:33:03,267 - root - INFO - Fetching links and appending to ulist
2023-08-13 20:33:03,406 - root - INFO - Unchecking batch: {b.text}
2023-08-13 20:33:03,725 - root - INFO - Checking batch: W0713
2023-08-13 20:33:04,002 - root - INFO - Scrolling to bottom of page...
2023-08-13 20:33:07,022 - root - INFO - Fetching links and appending to ulist
2023-08-13 20:33:07,120 - root - INFO - Unchecking batch: {b.text}
2023-08-13 20:33:07,481 - root - INFO - Checking batch: S0611
2023-08-13 20:33:07,750 - root - INFO - Scrolling to bottom of page...
2023-08-13 20:33:10,773 - root - INFO - Fetching links and appending to ulist
2023-08-13 20:33:10,857 - root - INFO - Unchecking batch: {b.text}
2023-08-13 20:33:11,189 - root - INFO - Checking batch: W067
2023-08-13 20:33:11,479 - root - INFO - Scrolling to bottom of page...
2023-08-13 20:33:14,499 - root - INFO - Fetching links and appending to ulist
2023-08-13 20:33:14,554 - root - INFO - Unchecking batch: {b.text}
2023-08-13 20:33:14,863 - root - INFO - Checking batch: S058
2023-08-13 20:33:15,174 - root - INFO - Scrolling to bottom of page...
2023-08-13 20:33:18,190 - root - INFO - Fetching links and appending to ulist
2023-08-13 20:33:18,250 - root - INFO - Unchecking batch: {b.text}
2023-08-13 20:33:18,540 - root - INFO - Writing urls to file...
2023-08-13 20:33:18,549 - root - INFO - Done. Wrote 4397 urls to file.
2023-08-13 20:33:18,549 - root - INFO - Done.
2023-08-13 20:33:18,549 - root - INFO - Closing driver...
